GROUP,PACKAGE,CLASS,INSTRUCTION_MISSED,INSTRUCTION_COVERED,BRANCH_MISSED,BRANCH_COVERED,LINE_MISSED,LINE_COVERED,COMPLEXITY_MISSED,COMPLEXITY_COVERED,METHOD_MISSED,METHOD_COVERED
Size.net.afrinic,whois.afrinic.query,WhoisQuery,28,58,5,1,8,16,4,4,1,4
Size.net.afrinic,whois.afrinic.billingcategory,BillingCategory,24,288,2,8,2,38,4,11,2,8
Size.net.afrinic,whois.afrinic.resource,Ipv6ResourcesCompute,2,106,2,10,1,25,2,10,0,6
Size.net.afrinic,whois.afrinic.resource,Ipv4ResourcesCompute,1,107,1,11,0,26,1,11,0,6
Size.net.afrinic,whois.afrinic.resource,ASNResourcesCompute,0,36,0,4,0,7,0,4,0,2
