-------------------------------------------------------------------------------
Test set: TestRunner
-------------------------------------------------------------------------------
Tests run: 1, Failures: 1, Errors: 0, Skipped: 0, Time elapsed: 6.509 sec <<< FAILURE!
Aggregation(Functional test)  Time elapsed: 5.246 sec  <<< FAILURE!
junit.framework.AssertionFailedError
	at junit.framework.Assert.fail(Assert.java:55)
	at junit.framework.Assert.assertTrue(Assert.java:22)
	at junit.framework.Assert.assertTrue(Assert.java:31)
	at junit.framework.TestCase.assertTrue(TestCase.java:201)
	at stepdefs.StepDefinition.all_resources_should_be_within_range_for_with_category(StepDefinition.java:38)
	at âœ½.All resources of ORG-HDL with Billing Category should be within range(src/test/resource/features/whoisFunctional:7)

